Build started 04/12/2015 02:53:32.
     1>Project "C:\Users\Benedict\Documents\Technical Games Production\SSGI11\proj.win32\BaseLandscapeProject.vcxproj" on node 2 (Build target(s)).
     1>ClCompile:
         C:\Program Files (x86)\Microsoft Visual Studio 12.0\VC\bin\CL.exe /c /I"C:\Cocos\frameworks\cocos2d-x-3.8\cocos\audio\include" /I"C:\Cocos\frameworks\cocos2d-x-3.8\external" /I"C:\Cocos\frameworks\cocos2d-x-3.8\external\chipmunk\include\chipmunk" /I"C:\Cocos\frameworks\cocos2d-x-3.8\extensions" /I..\Classes /I.. /I"C:\Cocos\frameworks\cocos2d-x-3.8\cocos\2d\..\..\cocos\editor-support" /I"C:\Cocos\frameworks\cocos2d-x-3.8\cocos\2d\..\..\cocos" /I"C:\Cocos\frameworks\cocos2d-x-3.8\cocos\2d\..\..\cocos\platform" /I"C:\Cocos\frameworks\cocos2d-x-3.8\cocos\2d\..\..\cocos\platform\desktop" /I"C:\Cocos\frameworks\cocos2d-x-3.8\cocos\2d\..\..\external\glfw3\include\win32" /I"C:\Cocos\frameworks\cocos2d-x-3.8\cocos\2d\..\..\external\win32-specific\gles\include\OGLES" /I"C:\Cocos\frameworks\cocos2d-x-3.8\cocos\2d\..\..\external\freetype2\include\win32\freetype2" /I"C:\Cocos\frameworks\cocos2d-x-3.8\cocos\2d\..\..\external\freetype2\include\win32\\" /I"C:\Cocos\frameworks\cocos2d-x-3.8\cocos\2d\..\..\external" /ZI /nologo /W3 /WX- /MP /Od /Oy- /D WIN32 /D _WINDOWS /D _USE_MATH_DEFINES /D GL_GLEXT_PROTOTYPES /D CC_ENABLE_CHIPMUNK_INTEGRATION=1 /D COCOS2D_DEBUG=1 /D _CRT_SECURE_NO_WARNINGS /D _SCL_SECURE_NO_WARNINGS /D _VARIADIC_MAX=10 /D _USING_V110_SDK71_ /D _UNICODE /D UNICODE /Gm- /EHsc /RTC1 /MD /GS /fp:precise /Zc:wchar_t /Zc:forScope /Fo"Debug.win32\\" /Fd"Debug.win32\vc120.pdb" /Gd /TP /wd4267 /wd4251 /wd4244 /analyze- /errorReport:prompt ..\Classes\AppDelegate.cpp ..\Classes\HelloWorldScene.cpp ..\Classes\game_player.cpp
         AppDelegate.cpp
         HelloWorldScene.cpp
         game_player.cpp
     1>c:\users\benedict\documents\technical games production\ssgi11\classes\appdelegate.cpp(40): warning C4305: 'argument' : truncation from 'double' to 'float'
     1>c:\users\benedict\documents\technical games production\ssgi11\classes\helloworldscene.cpp(185): error C3867: 'cocos2d::Node::getPositionX': function call missing argument list; use '&cocos2d::Node::getPositionX' to create a pointer to member
     1>c:\users\benedict\documents\technical games production\ssgi11\classes\helloworldscene.cpp(185): error C2296: '>' : illegal, left operand has type 'float (__thiscall cocos2d::Node::* )(void) const'
     1>c:\users\benedict\documents\technical games production\ssgi11\classes\helloworldscene.cpp(185): error C2297: '>' : illegal, right operand has type 'float (__thiscall cocos2d::Node::* )(void) const'
     1>c:\users\benedict\documents\technical games production\ssgi11\classes\helloworldscene.cpp(186): error C3867: 'cocos2d::Node::getPositionX': function call missing argument list; use '&cocos2d::Node::getPositionX' to create a pointer to member
     1>c:\users\benedict\documents\technical games production\ssgi11\classes\helloworldscene.cpp(186): error C2296: '-' : illegal, left operand has type 'float (__thiscall cocos2d::Node::* )(void) const'
     1>c:\users\benedict\documents\technical games production\ssgi11\classes\helloworldscene.cpp(186): error C2143: syntax error : missing ';' before '}'
     1>c:\users\benedict\documents\technical games production\ssgi11\classes\helloworldscene.cpp(189): error C3867: 'cocos2d::Node::getPositionY': function call missing argument list; use '&cocos2d::Node::getPositionY' to create a pointer to member
     1>c:\users\benedict\documents\technical games production\ssgi11\classes\helloworldscene.cpp(189): error C2296: '>' : illegal, left operand has type 'float (__thiscall cocos2d::Node::* )(void) const'
     1>c:\users\benedict\documents\technical games production\ssgi11\classes\helloworldscene.cpp(189): error C2297: '>' : illegal, right operand has type 'float (__thiscall cocos2d::Node::* )(void) const'
     1>c:\users\benedict\documents\technical games production\ssgi11\classes\helloworldscene.cpp(191): error C3867: 'cocos2d::Node::getPositionY': function call missing argument list; use '&cocos2d::Node::getPositionY' to create a pointer to member
     1>c:\users\benedict\documents\technical games production\ssgi11\classes\helloworldscene.cpp(191): error C2296: '-' : illegal, left operand has type 'float (__thiscall cocos2d::Node::* )(void) const'
     1>c:\users\benedict\documents\technical games production\ssgi11\classes\helloworldscene.cpp(192): error C2143: syntax error : missing ';' before '}'
     1>Done Building Project "C:\Users\Benedict\Documents\Technical Games Production\SSGI11\proj.win32\BaseLandscapeProject.vcxproj" (Build target(s)) -- FAILED.

Build FAILED.

Time Elapsed 00:00:23.78
